<?xml version="1.0" encoding="UTF-8"?>
<robot generator="Robot 5.0.1 (Python 3.10.0 on win32)" generated="20221001 10:58:12.372" rpa="false" schemaversion="3">
<suite id="s1" name="Sample Test" source="D:\robot\Tests\sample_test.robot">
<test id="s1-t1" name="Example of connecting to Lambdatest via Robot Framework" line="13">
<kw name="Open test browser" library="Common" type="SETUP">
<kw name="Debug" library="DebugLibrary">
<doc>Open a interactive shell, run any RobotFramework keywords.</doc>
<kw name="Log To Console" library="BuiltIn">
<arg>${REMOTE_URL}</arg>
<doc>Logs the given message to the console.</doc>
<status status="PASS" starttime="20221001 10:58:16.116" endtime="20221001 10:58:16.117"/>
</kw>
<status status="PASS" starttime="20221001 10:58:12.641" endtime="20221001 10:58:21.350"/>
</kw>
<kw name="Open Browser" library="Selenium2Library">
<arg>https://lambdatest.github.io/sample-todo-app/</arg>
<arg>browser=${BROWSER}</arg>
<arg>remote_url=${REMOTE_URL}</arg>
<arg>desired_capabilities=${CAPABILITIES}</arg>
<doc>Opens a new browser instance to the optional ``url``.</doc>
<kw name="Capture Page Screenshot" library="Selenium2Library">
<doc>Takes a screenshot of the current page and embeds it into a log file.</doc>
<msg timestamp="20221001 10:58:21.821" level="INFO">Cannot capture screenshot because no browser is open.</msg>
<status status="PASS" starttime="20221001 10:58:21.819" endtime="20221001 10:58:21.821"/>
</kw>
<msg timestamp="20221001 10:58:21.351" level="INFO">Opening browser 'chrome' to base url 'https://lambdatest.github.io/sample-todo-app/' through remote server at 'http://%'baoshenyi':%'4ErofDT8Nry0d6HiLy2MnypHvBP1MmA8ZJaZ3zqRNBhyYipmAh'@hub.lambdatest.com/wd/hub'.</msg>
<msg timestamp="20221001 10:58:21.824" level="FAIL">WebDriverException: Message: Unauthorized, either Username or AccessKey is invalid.
</msg>
<status status="FAIL" starttime="20221001 10:58:21.350" endtime="20221001 10:58:21.828"/>
</kw>
<timeout value="50 minutes"/>
<status status="FAIL" starttime="20221001 10:58:12.641" endtime="20221001 10:58:21.831"/>
</kw>
<kw name="Close test browser" library="Common" type="TEARDOWN">
<kw name="Run Keyword If" library="BuiltIn">
<arg>'${REMOTE_URL}' != ''</arg>
<arg>Report Lambdatest Status</arg>
<arg>${TEST_NAME}</arg>
<arg>${TEST_STATUS}</arg>
<doc>Runs the given keyword with the given arguments, if ``condition`` is true.</doc>
<msg timestamp="20221001 10:58:21.836" level="FAIL">Evaluating expression ''http://%'baoshenyi':%'4ErofDT8Nry0d6HiLy2MnypHvBP1MmA8ZJaZ3zqRNBhyYipmAh'@hub.lambdatest.com/wd/hub' != ''' failed: SyntaxError: invalid decimal literal (&lt;string&gt;, line 1)</msg>
<status status="FAIL" starttime="20221001 10:58:21.835" endtime="20221001 10:58:21.838"/>
</kw>
<kw name="Close All Browsers" library="Selenium2Library">
<doc>Closes all open browsers and resets the browser cache.</doc>
<status status="PASS" starttime="20221001 10:58:21.838" endtime="20221001 10:58:21.839"/>
</kw>
<status status="FAIL" starttime="20221001 10:58:21.833" endtime="20221001 10:58:21.840">Evaluating expression ''http://%'baoshenyi':%'4ErofDT8Nry0d6HiLy2MnypHvBP1MmA8ZJaZ3zqRNBhyYipmAh'@hub.lambdatest.com/wd/hub' != ''' failed: SyntaxError: invalid decimal literal (&lt;string&gt;, line 1)</status>
</kw>
<timeout value="50 minutes"/>
<status status="FAIL" starttime="20221001 10:58:12.640" endtime="20221001 10:58:21.841">Setup failed:
WebDriverException: Message: Unauthorized, either Username or AccessKey is invalid.


Also teardown failed:
Evaluating expression ''http://%'baoshenyi':%'4ErofDT8Nry0d6HiLy2MnypHvBP1MmA8ZJaZ3zqRNBhyYipmAh'@hub.lambdatest.com/wd/hub' != ''' failed: SyntaxError: invalid decimal literal (&lt;string&gt;, line 1)</status>
</test>
<status status="FAIL" starttime="20221001 10:58:12.373" endtime="20221001 10:58:21.847"/>
</suite>
<statistics>
<total>
<stat pass="0" fail="1" skip="0">All Tests</stat>
</total>
<tag>
</tag>
<suite>
<stat pass="0" fail="1" skip="0" id="s1" name="Sample Test">Sample Test</stat>
</suite>
</statistics>
<errors>
</errors>
</robot>
